<?xml version="1.0" encoding="UTF-8"?>
<testng-results skipped="0" failed="0" ignored="0" total="1" passed="1">
  <reporter-output>
  </reporter-output>
  <suite name="Default suite" duration-ms="1052" started-at="2020-01-02T12:58:07 IST" finished-at="2020-01-02T12:58:08 IST">
    <groups>
    </groups>
    <test name="Default test" duration-ms="1052" started-at="2020-01-02T12:58:07 IST" finished-at="2020-01-02T12:58:08 IST">
      <class name="test.Exceldemo">
        <test-method status="PASS" signature="exceldemoo()[pri:0, instance:test.Exceldemo@551aa95a]" name="exceldemoo" duration-ms="974" started-at="2020-01-02T12:58:07 IST" finished-at="2020-01-02T12:58:08 IST">
          <reporter-output>
          </reporter-output>
        </test-method> <!-- exceldemoo -->
      </class> <!-- test.Exceldemo -->
    </test> <!-- Default test -->
  </suite> <!-- Default suite -->
</testng-results>
